mode: set
DevicesServ\test\CreateDevice\main.go:27.66,32.2 1 1
DevicesServ\test\CreateDevice\main.go:35.59,40.2 1 0
DevicesServ\test\CreateDevice\main.go:43.66,47.34 3 1
DevicesServ\test\CreateDevice\main.go:51.2,51.43 1 1
DevicesServ\test\CreateDevice\main.go:55.2,55.36 1 1
DevicesServ\test\CreateDevice\main.go:59.2,59.36 1 1
DevicesServ\test\CreateDevice\main.go:63.2,63.38 1 1
DevicesServ\test\CreateDevice\main.go:69.2,69.18 1 1
DevicesServ\test\CreateDevice\main.go:73.2,73.12 1 1
DevicesServ\test\CreateDevice\main.go:47.34,50.3 2 1
DevicesServ\test\CreateDevice\main.go:51.43,54.3 2 1
DevicesServ\test\CreateDevice\main.go:55.36,58.3 2 1
DevicesServ\test\CreateDevice\main.go:59.36,62.3 2 1
DevicesServ\test\CreateDevice\main.go:63.38,66.3 2 1
DevicesServ\test\CreateDevice\main.go:69.18,71.3 1 1
DevicesServ\test\CreateDevice\main.go:77.63,85.2 1 1
DevicesServ\test\CreateDevice\main.go:88.50,104.16 6 1
DevicesServ\test\CreateDevice\main.go:109.2,115.16 3 1
DevicesServ\test\CreateDevice\main.go:119.2,119.12 1 1
DevicesServ\test\CreateDevice\main.go:104.16,106.3 1 0
DevicesServ\test\CreateDevice\main.go:115.16,117.3 1 0
DevicesServ\test\CreateDevice\main.go:124.87,127.73 2 1
DevicesServ\test\CreateDevice\main.go:132.2,133.16 2 1
DevicesServ\test\CreateDevice\main.go:138.2,141.55 2 1
DevicesServ\test\CreateDevice\main.go:146.2,147.16 2 1
DevicesServ\test\CreateDevice\main.go:151.2,154.8 1 1
DevicesServ\test\CreateDevice\main.go:127.73,129.3 1 1
DevicesServ\test\CreateDevice\main.go:133.16,135.3 1 1
DevicesServ\test\CreateDevice\main.go:141.55,143.3 1 0
DevicesServ\test\CreateDevice\main.go:147.16,149.3 1 0
DevicesServ\test\CreateDevice\main.go:157.13,159.2 1 0
